<?xml version="1.0" encoding="UTF-8"?>
<!-- Generated by org.testng.reporters.JUnitReportReporter -->
<testsuite hostname="home" name="com.wbl.appium.tests.HomePageTest" tests="1" failures="0" timestamp="18 Sep 2015 11:37:01 GMT" time="136.680" errors="0">
  <testcase name="test" time="136.680" classname="com.wbl.appium.tests.HomePageTest"/>
</testsuite> <!-- com.wbl.appium.tests.HomePageTest -->
